<?xml version="1.0" encoding="UTF-8"?>
<testsuite name="NaturalNumberTest" tests="13" skipped="0" failures="0" errors="0" timestamp="2018-04-12T01:40:40" hostname="MacBook-Pro-6.fios-router.home" time="0.718">
  <properties/>
  <testcase name="testThatNonNegativeIntegerIsRejected" classname="NaturalNumberTest" time="0.008"/>
  <testcase name="testSmallAbundantNumberIsClassifiedCorrectly" classname="NaturalNumberTest" time="0.002"/>
  <testcase name="testMediumAbundantNumberIsClassifiedCorrectly" classname="NaturalNumberTest" time="0.0"/>
  <testcase name="testLargeAbundantNumberIsClassifiedCorrectly" classname="NaturalNumberTest" time="0.255"/>
  <testcase name="testSmallestPrimeDeficientNumberIsClassifiedCorrectly" classname="NaturalNumberTest" time="0.0"/>
  <testcase name="testSmallestNonPrimeDeficientNumberIsClassifiedCorrectly" classname="NaturalNumberTest" time="0.0"/>
  <testcase name="testThatOneIsCorrectlyClassifiedAsDeficient" classname="NaturalNumberTest" time="0.0"/>
  <testcase name="testSmallPerfectNumberIsClassifiedCorrectly" classname="NaturalNumberTest" time="0.0"/>
  <testcase name="testThatNegativeIntegerIsRejected" classname="NaturalNumberTest" time="0.0"/>
  <testcase name="testLargePerfectNumberIsClassifiedCorrectly" classname="NaturalNumberTest" time="0.114"/>
  <testcase name="testLargeDeficientNumberIsClassifiedCorrectly" classname="NaturalNumberTest" time="0.331"/>
  <testcase name="testMediumDeficientNumberIsClassifiedCorrectly" classname="NaturalNumberTest" time="0.0"/>
  <testcase name="testMediumPerfectNumberIsClassifiedCorrectly" classname="NaturalNumberTest" time="0.0"/>
  <system-out><![CDATA[]]></system-out>
  <system-err><![CDATA[]]></system-err>
</testsuite>
